10:22:12,75 asyncio DEBUG Using selector: EpollSelector
10:22:12,76 docker.utils.config DEBUG Trying paths: ['/home/tkopton/.docker/config.json', '/home/tkopton/.dockercfg']
10:22:12,76 docker.utils.config DEBUG Found file at path: /home/tkopton/.docker/config.json
10:22:12,77 docker.auth DEBUG Found 'auths' section
10:22:12,77 docker.auth DEBUG Found entry (registry='docker.io', username='tkopton')
10:22:12,77 docker.auth DEBUG Found entry (registry='https://index.docker.io/v1/', username='tkopton')
10:22:12,77 docker.auth DEBUG Found entry (registry='https://index.docker.io/v1/access-token', username='tkopton')
10:22:12,77 docker.auth DEBUG Found entry (registry='https://index.docker.io/v1/refresh-token', username='tkopton')
10:22:12,163 urllib3.connectionpool DEBUG http://localhost:None "GET /version HTTP/11" 200 818
10:22:12,182 asyncio DEBUG Using selector: EpollSelector
10:22:12,228 docker.api.build DEBUG Looking for auth config
10:22:12,228 docker.api.build DEBUG Sending auth config ('docker.io', 'https://index.docker.io/v1/', 'https://index.docker.io/v1/access-token', 'https://index.docker.io/v1/refresh-token')
10:22:12,283 urllib3.connectionpool DEBUG http://localhost:None "POST /v1.47/build?t=isdk_smarthome-test%3A1.0.0&q=False&nocache=False&rm=True&forcerm=False&pull=False&labels=%7B%22mp-test%22%3A+%221729153332.164743%22%7D HTTP/11" 200 None
10:22:12,380 urllib3.connectionpool DEBUG http://localhost:None "GET /v1.47/images/fc8f8f6933c9/json HTTP/11" 200 None
10:22:12,426 urllib3.connectionpool DEBUG http://localhost:None "POST /v1.47/containers/create HTTP/11" 201 88
10:22:12,428 urllib3.connectionpool DEBUG http://localhost:None "GET /v1.47/containers/82d3cce8a8a9ba56620578d86796817d76bcc987f8503691e2c12f2f740eb4b4/json HTTP/11" 200 None
10:22:13,126 urllib3.connectionpool DEBUG http://localhost:None "POST /v1.47/containers/82d3cce8a8a9ba56620578d86796817d76bcc987f8503691e2c12f2f740eb4b4/start HTTP/11" 204 0
10:22:13,158 asyncio DEBUG Using selector: EpollSelector
10:22:14,323 httpx._client DEBUG HTTP Request: GET http://localhost:8080/apiVersion "HTTP/1.1 200 OK"
10:22:14,901 httpx._client DEBUG HTTP Request: GET http://localhost:8080/adapterDefinition "HTTP/1.1 200 OK"
10:22:14,906 vmware_aria_operations_integration_sdk.validation.describe_checks INFO Validating describe.xml
10:22:15,243 vmware_aria_operations_integration_sdk.mp_build ERROR The 'adapter_kinds' key in manifest.txt ("adapter_kinds": ["SmartHome"]') must contain a single item matching the adapter kind key in describe.xml: 'tkSmartHome'.
10:22:15,251 asyncio DEBUG Using selector: EpollSelector
10:22:38,626 asyncio DEBUG Using selector: EpollSelector
10:22:38,649 docker.api.build DEBUG Looking for auth config
10:22:38,649 docker.api.build DEBUG Sending auth config ('docker.io', 'https://index.docker.io/v1/', 'https://index.docker.io/v1/access-token', 'https://index.docker.io/v1/refresh-token')
10:22:38,669 urllib3.connectionpool DEBUG http://localhost:None "POST /v1.47/build?q=False&nocache=True&rm=True&forcerm=False&pull=False HTTP/11" 200 None
10:22:42,954 urllib3.connectionpool DEBUG http://localhost:None "GET /v1.47/images/2721050845f7/json HTTP/11" 200 None
10:22:43,72 asyncio DEBUG Using selector: EpollSelector
10:22:57,609 urllib3.connectionpool DEBUG http://localhost:None "POST /v1.47/images/sha256:2721050845f796701955e0ff20168a78a06eb21180c79228712830d3cb624179/tag?tag=1.0.0_1729153377.6018586&repo=docker.io%2Ftkopton%2Fsmarthome&force=0 HTTP/11" 201 0
10:22:57,622 asyncio DEBUG Using selector: EpollSelector
10:22:57,629 docker.auth DEBUG Looking for auth config
10:22:57,629 docker.auth DEBUG Looking for auth entry for 'docker.io'
10:22:57,629 docker.auth DEBUG Found 'docker.io'
10:22:57,630 docker.auth DEBUG Found auth config
10:22:57,640 urllib3.connectionpool DEBUG http://localhost:None "POST /v1.47/images/docker.io/tkopton/smarthome/push?tag=1.0.0_1729153377.6018586 HTTP/11" 200 None
10:23:08,124 urllib3.connectionpool DEBUG http://localhost:None "DELETE /v1.47/images/sha256:2721050845f796701955e0ff20168a78a06eb21180c79228712830d3cb624179?force=True&noprune=False HTTP/11" 200 853
10:23:08,138 asyncio DEBUG Using selector: EpollSelector
10:23:08,190 httpx._client DEBUG HTTP Request: GET http://localhost:8080/apiVersion "HTTP/1.1 200 OK"
10:23:08,496 urllib3.connectionpool DEBUG http://localhost:None "POST /v1.47/containers/82d3cce8a8a9ba56620578d86796817d76bcc987f8503691e2c12f2f740eb4b4/kill HTTP/11" 204 0
10:23:08,503 urllib3.connectionpool DEBUG http://localhost:None "DELETE /v1.47/containers/82d3cce8a8a9ba56620578d86796817d76bcc987f8503691e2c12f2f740eb4b4?v=False&link=False&force=False HTTP/11" 204 0
10:23:08,508 urllib3.connectionpool DEBUG http://localhost:None "POST /v1.47/images/prune?filters=%7B%22label%22%3A+%5B%22mp-test%22%5D%7D HTTP/11" 200 125
